{"/Users/isakhauge/codespace/mimeish/src/Mimeish.ts": {"path":"/Users/isakhauge/codespace/mimeish/src/Mimeish.ts","all":false,"statementMap":{"0":{"start":{"line":1,"column":0},"end":{"line":1,"column":28}},"1":{"start":{"line":2,"column":0},"end":{"line":2,"column":51}},"2":{"start":{"line":3,"column":0},"end":{"line":3,"column":41}},"3":{"start":{"line":4,"column":0},"end":{"line":4,"column":0}},"4":{"start":{"line":5,"column":0},"end":{"line":5,"column":23}},"5":{"start":{"line":6,"column":0},"end":{"line":6,"column":41}},"6":{"start":{"line":7,"column":0},"end":{"line":7,"column":46}},"7":{"start":{"line":8,"column":0},"end":{"line":8,"column":12}},"8":{"start":{"line":9,"column":0},"end":{"line":9,"column":19}},"9":{"start":{"line":10,"column":0},"end":{"line":10,"column":3}},"10":{"start":{"line":11,"column":0},"end":{"line":11,"column":3}},"11":{"start":{"line":12,"column":0},"end":{"line":12,"column":48}},"12":{"start":{"line":13,"column":0},"end":{"line":13,"column":32}},"13":{"start":{"line":14,"column":0},"end":{"line":14,"column":55}},"14":{"start":{"line":15,"column":0},"end":{"line":15,"column":3}},"15":{"start":{"line":16,"column":0},"end":{"line":16,"column":3}},"16":{"start":{"line":17,"column":0},"end":{"line":17,"column":1}}},"s":{"0":1,"1":1,"2":1,"3":1,"4":1,"5":1,"6":1,"7":1,"8":1,"9":1,"10":1,"11":1,"12":1,"13":1,"14":1,"15":1,"16":1},"branchMap":{"0":{"type":"branch","line":6,"loc":{"start":{"line":6,"column":1},"end":{"line":11,"column":3}},"locations":[{"start":{"line":6,"column":1},"end":{"line":11,"column":3}}]},"1":{"type":"branch","line":12,"loc":{"start":{"line":12,"column":1},"end":{"line":16,"column":3}},"locations":[{"start":{"line":12,"column":1},"end":{"line":16,"column":3}}]},"2":{"type":"branch","line":14,"loc":{"start":{"line":14,"column":3},"end":{"line":14,"column":55}},"locations":[{"start":{"line":14,"column":3},"end":{"line":14,"column":55}}]}},"b":{"0":[1],"1":[1],"2":[439]},"fnMap":{"0":{"name":"mime","decl":{"start":{"line":6,"column":1},"end":{"line":11,"column":3}},"loc":{"start":{"line":6,"column":1},"end":{"line":11,"column":3}},"line":6},"1":{"name":"extension","decl":{"start":{"line":12,"column":1},"end":{"line":16,"column":3}},"loc":{"start":{"line":12,"column":1},"end":{"line":16,"column":3}},"line":12}},"f":{"0":1,"1":1}}
}
